\BOOKMARK [1][-]{section.1}{\376\377\004\022\004\062\004\065\004\064\004\065\004\075\004\070\004\065}{}% 1
\BOOKMARK [2][-]{subsection.1.1}{\376\377\004\046\004\065\004\073\004\070\000\040\004\070\000\040\004\067\004\060\004\064\004\060\004\107\004\070\000\040\004\100\004\060\004\061\004\076\004\102\004\113}{section.1}% 2
\BOOKMARK [1][-]{section.2}{\376\377\004\042\004\065\004\076\004\100\004\065\004\102\004\070\004\107\004\065\004\101\004\072\004\070\004\065\000\040\004\076\004\101\004\075\004\076\004\062\004\113\000\040\004\104\004\065\004\074\004\102\004\076\004\101\004\072\004\076\004\077\004\070\004\070}{}% 3
\BOOKMARK [1][-]{section.3}{\376\377\004\034\004\076\004\064\004\065\004\073\004\114\000\040\000S\000M\000A\000S\000H}{}% 4
\BOOKMARK [2][-]{subsection.3.1}{\376\377\004\044\004\070\004\067\004\070\004\107\004\065\004\101\004\072\004\060\004\117\000\040\004\076\004\101\004\075\004\076\004\062\004\060}{section.3}% 5
\BOOKMARK [2][-]{subsection.3.2}{\376\377\004\041\004\077\004\065\004\072\004\102\004\100\000\040\004\107\004\060\004\101\004\102\004\070\004\106\000\040\004\070\000\040\004\062\004\067\004\060\004\070\004\074\004\076\004\064\004\065\004\071\004\101\004\102\004\062\004\070\004\117}{section.3}% 6
\BOOKMARK [2][-]{subsection.3.3}{\376\377\004\036\004\061\004\073\004\060\004\101\004\102\004\070\000\040\004\077\004\100\004\070\004\074\004\065\004\075\004\065\004\075\004\070\004\117}{section.3}% 7
\BOOKMARK [2][-]{subsection.3.4}{\376\377\004\037\004\100\004\070\004\074\004\065\004\075\004\065\004\075\004\070\004\065\000\040\004\074\004\076\004\064\004\065\004\073\004\070\000\040\000S\000M\000A\000S\000H\000\040\004\062\000\040\004\064\004\060\004\075\004\075\004\076\004\071\000\040\004\100\004\060\004\061\004\076\004\102\004\065}{section.3}% 8
\BOOKMARK [3][-]{subsubsection.3.4.1}{\376\377\004\037\004\060\004\100\004\060\004\074\004\065\004\102\004\100\004\113\000\040\004\101\004\102\004\076\004\073\004\072\004\075\004\076\004\062\004\065\004\075\004\070\004\117}{subsection.3.4}% 9
\BOOKMARK [3][-]{subsubsection.3.4.2}{\376\377\004\037\004\060\004\100\004\060\004\074\004\065\004\102\004\100\004\113\000\040\004\115\004\062\004\076\004\073\004\116\004\106\004\070\004\070\000\040\004\101\004\070\004\101\004\102\004\065\004\074\004\113}{subsection.3.4}% 10
\BOOKMARK [1][-]{section.4}{\376\377\004\037\004\100\004\060\004\072\004\102\004\070\004\107\004\065\004\101\004\072\004\070\004\065\000\040\004\100\004\065\004\067\004\103\004\073\004\114\004\102\004\060\004\102\004\113\000\040\004\100\004\060\004\061\004\076\004\102\004\113}{}% 11
\BOOKMARK [2][-]{subsection.4.1}{\376\377\004\037\004\100\004\076\004\062\004\065\004\100\004\072\004\060\000\040\004\072\004\076\004\100\004\100\004\065\004\072\004\102\004\075\004\076\004\101\004\102\004\070\000\040\004\070\004\067\004\062\004\073\004\065\004\107\004\065\004\075\004\070\004\065\000\040\004\070\004\075\004\104\004\076\004\100\004\074\004\060\004\106\004\070\004\070\000\040\004\076\000\040\004\072\004\070\004\075\004\065\004\102\004\070\004\107\004\065\004\101\004\072\004\076\004\074\000\040\004\062\004\113\004\074\004\076\004\100\004\060\004\066\004\070\004\062\004\060\004\075\004\070\004\070}{section.4}% 12
\BOOKMARK [3][-]{subsubsection.4.1.1}{\376\377\004\036\004\077\004\070\004\101\004\060\004\075\004\070\004\065\000\040\004\060\004\073\004\063\004\076\004\100\004\070\004\102\004\074\004\060}{subsection.4.1}% 13
\BOOKMARK [3][-]{subsubsection.4.1.2}{\376\377\004\037\004\100\004\076\004\062\004\065\004\100\004\072\004\060\000\040\004\072\004\076\004\100\004\100\004\065\004\072\004\102\004\075\004\076\004\101\004\102\004\070\000\040\004\072\004\076\004\075\004\062\004\065\004\100\004\102\004\065\004\100\004\060}{subsection.4.1}% 14
\BOOKMARK [2][-]{subsection.4.2}{\376\377\004\041\004\076\004\101\004\102\004\060\004\062\004\073\004\065\004\075\004\070\004\065\000\040\004\070\000\040\004\060\004\075\004\060\004\073\004\070\004\067\000\040\004\067\004\060\004\062\004\070\004\101\004\070\004\074\004\076\004\102\004\101\004\070\000\040\004\100\004\060\004\064\004\070\004\103\004\101\004\076\004\062\000\040\004\070\000\040\004\101\004\070\004\073\004\113\000\040\004\072\004\076\004\100\004\100\004\065\004\073\004\117\004\106\004\070\004\070\000\040\004\076\004\102\000\040\004\061\004\113\004\101\004\102\004\100\004\076\004\102\004\113}{section.4}% 15
\BOOKMARK [3][-]{subsubsection.4.2.1}{\376\377\004\020\004\077\004\077\004\100\004\076\004\072\004\101\004\070\004\074\004\060\004\106\004\070\004\117\000\040\004\063\004\070\004\101\004\102\004\076\004\063\004\100\004\060\004\074\004\074}{subsection.4.2}% 16
\BOOKMARK [3][-]{subsubsection.4.2.2}{\376\377\004\020\004\075\004\060\004\073\004\070\004\067\000\040\004\067\004\060\004\062\004\070\004\101\004\070\004\074\004\076\004\101\004\102\004\070\000\040\004\100\004\060\004\064\004\070\004\103\004\101\004\076\004\062\000\040\004\070\000\040\004\101\004\070\004\073\004\113\000\040\004\072\004\076\004\100\004\100\004\065\004\073\004\117\004\106\004\070\004\070}{subsection.4.2}% 17
\BOOKMARK [3][-]{subsubsection.4.2.3}{\376\377\004\036\004\102\004\075\004\076\004\110\004\065\004\075\004\070\004\065\000\040\004\077\004\100\004\076\004\065\004\072\004\106\004\070\004\071\000\040\004\072\004\076\004\100\004\065\004\073\004\117\004\106\004\070\004\076\004\075\004\075\004\113\004\105\000\040\004\104\004\103\004\075\004\072\004\106\004\070\004\071}{subsection.4.2}% 18
\BOOKMARK [1][-]{section.5}{\376\377\004\027\004\060\004\072\004\073\004\116\004\107\004\065\004\075\004\070\004\065}{}% 19
\BOOKMARK [0][-]{Item.7}{\376\377\004\033\004\070\004\102\004\065\004\100\004\060\004\102\004\103\004\100\004\060}{}% 20
